<?xml version="1.0" encoding="UTF-8"?>
<!-- Generated by org.testng.reporters.JUnitXMLReporter -->
<testsuite ignored="0" hostname="DESKTOP-RG1NE82" failures="0" tests="3" name="Test" time="30.771" errors="0" timestamp="2023-05-07T23:04:52 IST">
  <testcase classname="TCS_JLR.VaibhavsFramew.loginTestCase" name="LaunchURL" time="2.535"/>
  <testcase classname="TCS_JLR.VaibhavsFramew.loginTestCase" name="LaunchURL" time="2.51"/>
  <testcase classname="TCS_JLR.VaibhavsFramew.SignupTestCase" name="fillSignupData" time="11.565"/>
</testsuite> <!-- Test -->
