<?xml version="1.0" encoding="UTF-8"?>
<testng-results ignored="0" total="3" passed="3" failed="0" skipped="0">
  <reporter-output>
  </reporter-output>
  <suite started-at="2023-05-07T23:04:21 IST" name="Suite" finished-at="2023-05-07T23:04:52 IST" duration-ms="30771">
    <groups>
    </groups>
    <test started-at="2023-05-07T23:04:21 IST" name="Test" finished-at="2023-05-07T23:04:52 IST" duration-ms="30771">
      <class name="TCS_JLR.VaibhavsFramew.SignupTestCase">
        <test-method is-config="true" signature="LaunchDriver()[pri:0, instance:TCS_JLR.VaibhavsFramew.SignupTestCase@47d9a273]" started-at="2023-05-07T23:04:36 IST" name="LaunchDriver" finished-at="2023-05-07T23:04:40 IST" duration-ms="3871" status="PASS">
          <reporter-output>
          </reporter-output>
        </test-method> <!-- LaunchDriver -->
        <test-method signature="fillSignupData()[pri:0, instance:TCS_JLR.VaibhavsFramew.SignupTestCase@47d9a273]" started-at="2023-05-07T23:04:40 IST" name="fillSignupData" finished-at="2023-05-07T23:04:52 IST" duration-ms="11565" status="PASS">
          <reporter-output>
          </reporter-output>
        </test-method> <!-- fillSignupData -->
        <test-method is-config="true" signature="closeBrowser()[pri:0, instance:TCS_JLR.VaibhavsFramew.SignupTestCase@47d9a273]" started-at="2023-05-07T23:04:52 IST" name="closeBrowser" finished-at="2023-05-07T23:04:52 IST" duration-ms="163" status="PASS">
          <reporter-output>
          </reporter-output>
        </test-method> <!-- closeBrowser -->
      </class> <!-- TCS_JLR.VaibhavsFramew.SignupTestCase -->
      <class name="TCS_JLR.VaibhavsFramew.loginTestCase">
        <test-method is-config="true" signature="LaunchDriver()[pri:0, instance:TCS_JLR.VaibhavsFramew.loginTestCase@74751b3]" started-at="2023-05-07T23:04:21 IST" name="LaunchDriver" finished-at="2023-05-07T23:04:26 IST" duration-ms="5119" status="PASS">
          <reporter-output>
          </reporter-output>
        </test-method> <!-- LaunchDriver -->
        <test-method signature="LaunchURL(java.lang.String,java.lang.String)[pri:0, instance:TCS_JLR.VaibhavsFramew.loginTestCase@74751b3]" started-at="2023-05-07T23:04:26 IST" name="LaunchURL" data-provider="testData" finished-at="2023-05-07T23:04:29 IST" duration-ms="2535" status="PASS">
          <params>
            <param index="0">
              <value>
                <![CDATA[test1]]>
              </value>
            </param>
            <param index="1">
              <value>
                <![CDATA[test2]]>
              </value>
            </param>
          </params>
          <reporter-output>
          </reporter-output>
        </test-method> <!-- LaunchURL -->
        <test-method is-config="true" signature="closeBrowser()[pri:0, instance:TCS_JLR.VaibhavsFramew.loginTestCase@74751b3]" started-at="2023-05-07T23:04:29 IST" name="closeBrowser" finished-at="2023-05-07T23:04:29 IST" duration-ms="87" status="PASS">
          <reporter-output>
          </reporter-output>
        </test-method> <!-- closeBrowser -->
        <test-method is-config="true" signature="LaunchDriver()[pri:0, instance:TCS_JLR.VaibhavsFramew.loginTestCase@74751b3]" started-at="2023-05-07T23:04:29 IST" name="LaunchDriver" finished-at="2023-05-07T23:04:33 IST" duration-ms="4146" status="PASS">
          <reporter-output>
          </reporter-output>
        </test-method> <!-- LaunchDriver -->
        <test-method signature="LaunchURL(java.lang.String,java.lang.String)[pri:0, instance:TCS_JLR.VaibhavsFramew.loginTestCase@74751b3]" started-at="2023-05-07T23:04:33 IST" name="LaunchURL" data-provider="testData" finished-at="2023-05-07T23:04:36 IST" duration-ms="2510" status="PASS">
          <params>
            <param index="0">
              <value>
                <![CDATA[test3]]>
              </value>
            </param>
            <param index="1">
              <value>
                <![CDATA[test4]]>
              </value>
            </param>
          </params>
          <reporter-output>
          </reporter-output>
        </test-method> <!-- LaunchURL -->
        <test-method is-config="true" signature="closeBrowser()[pri:0, instance:TCS_JLR.VaibhavsFramew.loginTestCase@74751b3]" started-at="2023-05-07T23:04:36 IST" name="closeBrowser" finished-at="2023-05-07T23:04:36 IST" duration-ms="715" status="PASS">
          <reporter-output>
          </reporter-output>
        </test-method> <!-- closeBrowser -->
      </class> <!-- TCS_JLR.VaibhavsFramew.loginTestCase -->
    </test> <!-- Test -->
  </suite> <!-- Suite -->
</testng-results>
